<?xml version="1.0" encoding="UTF-8"?>
<testsuite xmlns:xsi="http://www.w3.org/2001/XMLSchema-instance" xsi:noNamespaceSchemaLocation="https://maven.apache.org/surefire/maven-surefire-plugin/xsd/surefire-test-report-3.0.xsd" version="3.0" name="com.eventbus.client.EventBusClientTest" time="12.277" tests="7" errors="0" skipped="0" failures="0">
  <properties>
    <property name="java.specification.version" value="23"/>
    <property name="sun.jnu.encoding" value="UTF-8"/>
    <property name="java.class.path" value="/Users/chris/code/warp_experiments/eventbus/client-java/target/test-classes:/Users/chris/code/warp_experiments/eventbus/client-java/target/classes:/Users/chris/.m2/repository/io/grpc/grpc-netty-shaded/1.45.1/grpc-netty-shaded-1.45.1.jar:/Users/chris/.m2/repository/com/google/guava/guava/31.0.1-android/guava-31.0.1-android.jar:/Users/chris/.m2/repository/com/google/guava/failureaccess/1.0.1/failureaccess-1.0.1.jar:/Users/chris/.m2/repository/com/google/guava/listenablefuture/9999.0-empty-to-avoid-conflict-with-guava/listenablefuture-9999.0-empty-to-avoid-conflict-with-guava.jar:/Users/chris/.m2/repository/org/checkerframework/checker-qual/3.12.0/checker-qual-3.12.0.jar:/Users/chris/.m2/repository/org/checkerframework/checker-compat-qual/2.5.5/checker-compat-qual-2.5.5.jar:/Users/chris/.m2/repository/com/google/j2objc/j2objc-annotations/1.3/j2objc-annotations-1.3.jar:/Users/chris/.m2/repository/com/google/errorprone/error_prone_annotations/2.10.0/error_prone_annotations-2.10.0.jar:/Users/chris/.m2/repository/io/perfmark/perfmark-api/0.23.0/perfmark-api-0.23.0.jar:/Users/chris/.m2/repository/io/grpc/grpc-core/1.45.1/grpc-core-1.45.1.jar:/Users/chris/.m2/repository/com/google/code/gson/gson/2.8.9/gson-2.8.9.jar:/Users/chris/.m2/repository/com/google/android/annotations/4.1.1.4/annotations-4.1.1.4.jar:/Users/chris/.m2/repository/org/codehaus/mojo/animal-sniffer-annotations/1.19/animal-sniffer-annotations-1.19.jar:/Users/chris/.m2/repository/io/grpc/grpc-protobuf/1.45.1/grpc-protobuf-1.45.1.jar:/Users/chris/.m2/repository/io/grpc/grpc-api/1.45.1/grpc-api-1.45.1.jar:/Users/chris/.m2/repository/com/google/code/findbugs/jsr305/3.0.2/jsr305-3.0.2.jar:/Users/chris/.m2/repository/com/google/protobuf/protobuf-java/3.19.2/protobuf-java-3.19.2.jar:/Users/chris/.m2/repository/com/google/api/grpc/proto-google-common-protos/2.0.1/proto-google-common-protos-2.0.1.jar:/Users/chris/.m2/repository/io/grpc/grpc-protobuf-lite/1.45.1/grpc-protobuf-lite-1.45.1.jar:/Users/chris/.m2/repository/io/grpc/grpc-stub/1.45.1/grpc-stub-1.45.1.jar:/Users/chris/.m2/repository/org/apache/tomcat/annotations-api/6.0.53/annotations-api-6.0.53.jar:/Users/chris/.m2/repository/junit/junit/4.13.2/junit-4.13.2.jar:/Users/chris/.m2/repository/org/hamcrest/hamcrest-core/1.3/hamcrest-core-1.3.jar:/Users/chris/.m2/repository/io/grpc/grpc-testing/1.45.1/grpc-testing-1.45.1.jar:/Users/chris/.m2/repository/io/grpc/grpc-context/1.45.1/grpc-context-1.45.1.jar:/Users/chris/.m2/repository/org/mockito/mockito-core/5.10.0/mockito-core-5.10.0.jar:/Users/chris/.m2/repository/net/bytebuddy/byte-buddy/1.14.11/byte-buddy-1.14.11.jar:/Users/chris/.m2/repository/net/bytebuddy/byte-buddy-agent/1.14.11/byte-buddy-agent-1.14.11.jar:/Users/chris/.m2/repository/org/objenesis/objenesis/3.3/objenesis-3.3.jar:"/>
    <property name="java.vm.vendor" value="Homebrew"/>
    <property name="sun.arch.data.model" value="64"/>
    <property name="net.bytebuddy.experimental" value="true"/>
    <property name="java.vendor.url" value="https://github.com/Homebrew/homebrew-core/issues"/>
    <property name="os.name" value="Mac OS X"/>
    <property name="java.vm.specification.version" value="23"/>
    <property name="sun.java.launcher" value="SUN_STANDARD"/>
    <property name="user.country" value="US"/>
    <property name="sun.boot.library.path" value="/opt/homebrew/Cellar/openjdk/23.0.2/libexec/openjdk.jdk/Contents/Home/lib"/>
    <property name="sun.java.command" value="/Users/chris/code/warp_experiments/eventbus/client-java/target/surefire/surefirebooter-20250320234318960_3.jar /Users/chris/code/warp_experiments/eventbus/client-java/target/surefire 2025-03-20T23-43-18_932-jvmRun1 surefire-20250320234318960_1tmp surefire_0-20250320234318960_2tmp"/>
    <property name="http.nonProxyHosts" value="local|*.local|169.254/16|*.169.254/16"/>
    <property name="jdk.debug" value="release"/>
    <property name="surefire.test.class.path" value="/Users/chris/code/warp_experiments/eventbus/client-java/target/test-classes:/Users/chris/code/warp_experiments/eventbus/client-java/target/classes:/Users/chris/.m2/repository/io/grpc/grpc-netty-shaded/1.45.1/grpc-netty-shaded-1.45.1.jar:/Users/chris/.m2/repository/com/google/guava/guava/31.0.1-android/guava-31.0.1-android.jar:/Users/chris/.m2/repository/com/google/guava/failureaccess/1.0.1/failureaccess-1.0.1.jar:/Users/chris/.m2/repository/com/google/guava/listenablefuture/9999.0-empty-to-avoid-conflict-with-guava/listenablefuture-9999.0-empty-to-avoid-conflict-with-guava.jar:/Users/chris/.m2/repository/org/checkerframework/checker-qual/3.12.0/checker-qual-3.12.0.jar:/Users/chris/.m2/repository/org/checkerframework/checker-compat-qual/2.5.5/checker-compat-qual-2.5.5.jar:/Users/chris/.m2/repository/com/google/j2objc/j2objc-annotations/1.3/j2objc-annotations-1.3.jar:/Users/chris/.m2/repository/com/google/errorprone/error_prone_annotations/2.10.0/error_prone_annotations-2.10.0.jar:/Users/chris/.m2/repository/io/perfmark/perfmark-api/0.23.0/perfmark-api-0.23.0.jar:/Users/chris/.m2/repository/io/grpc/grpc-core/1.45.1/grpc-core-1.45.1.jar:/Users/chris/.m2/repository/com/google/code/gson/gson/2.8.9/gson-2.8.9.jar:/Users/chris/.m2/repository/com/google/android/annotations/4.1.1.4/annotations-4.1.1.4.jar:/Users/chris/.m2/repository/org/codehaus/mojo/animal-sniffer-annotations/1.19/animal-sniffer-annotations-1.19.jar:/Users/chris/.m2/repository/io/grpc/grpc-protobuf/1.45.1/grpc-protobuf-1.45.1.jar:/Users/chris/.m2/repository/io/grpc/grpc-api/1.45.1/grpc-api-1.45.1.jar:/Users/chris/.m2/repository/com/google/code/findbugs/jsr305/3.0.2/jsr305-3.0.2.jar:/Users/chris/.m2/repository/com/google/protobuf/protobuf-java/3.19.2/protobuf-java-3.19.2.jar:/Users/chris/.m2/repository/com/google/api/grpc/proto-google-common-protos/2.0.1/proto-google-common-protos-2.0.1.jar:/Users/chris/.m2/repository/io/grpc/grpc-protobuf-lite/1.45.1/grpc-protobuf-lite-1.45.1.jar:/Users/chris/.m2/repository/io/grpc/grpc-stub/1.45.1/grpc-stub-1.45.1.jar:/Users/chris/.m2/repository/org/apache/tomcat/annotations-api/6.0.53/annotations-api-6.0.53.jar:/Users/chris/.m2/repository/junit/junit/4.13.2/junit-4.13.2.jar:/Users/chris/.m2/repository/org/hamcrest/hamcrest-core/1.3/hamcrest-core-1.3.jar:/Users/chris/.m2/repository/io/grpc/grpc-testing/1.45.1/grpc-testing-1.45.1.jar:/Users/chris/.m2/repository/io/grpc/grpc-context/1.45.1/grpc-context-1.45.1.jar:/Users/chris/.m2/repository/org/mockito/mockito-core/5.10.0/mockito-core-5.10.0.jar:/Users/chris/.m2/repository/net/bytebuddy/byte-buddy/1.14.11/byte-buddy-1.14.11.jar:/Users/chris/.m2/repository/net/bytebuddy/byte-buddy-agent/1.14.11/byte-buddy-agent-1.14.11.jar:/Users/chris/.m2/repository/org/objenesis/objenesis/3.3/objenesis-3.3.jar:"/>
    <property name="sun.cpu.endian" value="little"/>
    <property name="user.home" value="/Users/chris"/>
    <property name="user.language" value="en"/>
    <property name="java.specification.vendor" value="Oracle Corporation"/>
    <property name="java.version.date" value="2025-01-21"/>
    <property name="java.home" value="/opt/homebrew/Cellar/openjdk/23.0.2/libexec/openjdk.jdk/Contents/Home"/>
    <property name="file.separator" value="/"/>
    <property name="basedir" value="/Users/chris/code/warp_experiments/eventbus/client-java"/>
    <property name="java.vm.compressedOopsMode" value="Non-zero based"/>
    <property name="line.separator" value="&#10;"/>
    <property name="java.vm.specification.vendor" value="Oracle Corporation"/>
    <property name="java.specification.name" value="Java Platform API Specification"/>
    <property name="apple.awt.application.name" value="ForkedBooter"/>
    <property name="surefire.real.class.path" value="/Users/chris/code/warp_experiments/eventbus/client-java/target/surefire/surefirebooter-20250320234318960_3.jar"/>
    <property name="sun.management.compiler" value="HotSpot 64-Bit Tiered Compilers"/>
    <property name="ftp.nonProxyHosts" value="local|*.local|169.254/16|*.169.254/16"/>
    <property name="java.runtime.version" value="23.0.2"/>
    <property name="user.name" value="chris"/>
    <property name="stdout.encoding" value="UTF-8"/>
    <property name="path.separator" value=":"/>
    <property name="os.version" value="15.3.2"/>
    <property name="java.runtime.name" value="OpenJDK Runtime Environment"/>
    <property name="file.encoding" value="UTF-8"/>
    <property name="java.vm.name" value="OpenJDK 64-Bit Server VM"/>
    <property name="java.vendor.version" value="Homebrew"/>
    <property name="localRepository" value="/Users/chris/.m2/repository"/>
    <property name="java.vendor.url.bug" value="https://github.com/Homebrew/homebrew-core/issues"/>
    <property name="java.io.tmpdir" value="/var/folders/zj/q7sngypd5k3djt918mzd9gqw0000gn/T/"/>
    <property name="java.version" value="23.0.2"/>
    <property name="user.dir" value="/Users/chris/code/warp_experiments/eventbus/client-java"/>
    <property name="os.arch" value="aarch64"/>
    <property name="java.vm.specification.name" value="Java Virtual Machine Specification"/>
    <property name="native.encoding" value="UTF-8"/>
    <property name="java.library.path" value="/Users/chris/Library/Java/Extensions:/Library/Java/Extensions:/Network/Library/Java/Extensions:/System/Library/Java/Extensions:/usr/lib/java:."/>
    <property name="java.vm.info" value="mixed mode, sharing"/>
    <property name="stderr.encoding" value="UTF-8"/>
    <property name="java.vendor" value="Homebrew"/>
    <property name="java.vm.version" value="23.0.2"/>
    <property name="sun.io.unicode.encoding" value="UnicodeBig"/>
    <property name="socksNonProxyHosts" value="local|*.local|169.254/16|*.169.254/16"/>
    <property name="java.class.version" value="67.0"/>
  </properties>
  <testcase name="testPublishWithException" classname="com.eventbus.client.EventBusClientTest" time="0.557">
    <system-err><![CDATA[WARNING: A Java agent has been loaded dynamically (/Users/chris/.m2/repository/net/bytebuddy/byte-buddy-agent/1.14.11/byte-buddy-agent-1.14.11.jar)
WARNING: If a serviceability tool is in use, please run with -XX:+EnableDynamicAgentLoading to hide this warning
WARNING: If a serviceability tool is not in use, please run with -Djdk.instrument.traceUsage for more information
WARNING: Dynamic loading of agents will be disallowed by default in a future release
Error publishing message: UNKNOWN
]]></system-err>
  </testcase>
  <testcase name="testSubscriptionError" classname="com.eventbus.client.EventBusClientTest" time="1.113">
    <system-err><![CDATA[Subscription error: UNKNOWN
]]></system-err>
  </testcase>
  <testcase name="testPublishMessage" classname="com.eventbus.client.EventBusClientTest" time="0.116"/>
  <testcase name="testSubscribeToTopic" classname="com.eventbus.client.EventBusClientTest" time="5.127">
    <system-out><![CDATA[Subscription completed
]]></system-out>
    <system-err><![CDATA[Subscription error: UNAVAILABLE: Channel shutdownNow invoked
]]></system-err>
  </testcase>
  <testcase name="testClientInitialization" classname="com.eventbus.client.EventBusClientTest" time="0.107"/>
  <testcase name="testPublishFailure" classname="com.eventbus.client.EventBusClientTest" time="0.112"/>
  <testcase name="testReceiveMessages" classname="com.eventbus.client.EventBusClientTest" time="5.117">
    <system-out><![CDATA[Subscription completed
]]></system-out>
    <system-err><![CDATA[Subscription error: UNAVAILABLE: Channel shutdownNow invoked
]]></system-err>
  </testcase>
</testsuite>